{"D:\\Documentos\\CursosUdemy\\API-REST-Nodejs-Express-MongoDB\\Proyectos\\API-REST\\app.js": {"path":"D:\\Documentos\\CursosUdemy\\API-REST-Nodejs-Express-MongoDB\\Proyectos\\API-REST\\app.js","statementMap":{"0":{"start":{"line":1,"column":0},"end":{"line":1,"column":26}},"1":{"start":{"line":2,"column":16},"end":{"line":2,"column":34}},"2":{"start":{"line":3,"column":13},"end":{"line":3,"column":28}},"3":{"start":{"line":4,"column":18},"end":{"line":4,"column":47}},"4":{"start":{"line":5,"column":23},"end":{"line":5,"column":48}},"5":{"start":{"line":6,"column":27},"end":{"line":6,"column":52}},"6":{"start":{"line":8,"column":19},"end":{"line":8,"column":41}},"7":{"start":{"line":9,"column":28},"end":{"line":9,"column":53}},"8":{"start":{"line":10,"column":21},"end":{"line":10,"column":52}},"9":{"start":{"line":12,"column":12},"end":{"line":12,"column":21}},"10":{"start":{"line":14,"column":18},"end":{"line":14,"column":39}},"11":{"start":{"line":15,"column":17},"end":{"line":15,"column":54}},"12":{"start":{"line":17,"column":0},"end":{"line":17,"column":15}},"13":{"start":{"line":18,"column":0},"end":{"line":18,"column":23}},"14":{"start":{"line":19,"column":0},"end":{"line":19,"column":34}},"15":{"start":{"line":22,"column":0},"end":{"line":28,"column":2}},"16":{"start":{"line":26,"column":9},"end":{"line":26,"column":36}},"17":{"start":{"line":30,"column":13},"end":{"line":30,"column":37}},"18":{"start":{"line":33,"column":0},"end":{"line":35,"column":41}},"19":{"start":{"line":43,"column":0},"end":{"line":43,"column":36}},"20":{"start":{"line":45,"column":0},"end":{"line":50,"column":1}},"21":{"start":{"line":46,"column":4},"end":{"line":46,"column":20}},"22":{"start":{"line":53,"column":0},"end":{"line":53,"column":61}},"23":{"start":{"line":55,"column":0},"end":{"line":55,"column":20}}},"fnMap":{"0":{"name":"(anonymous_0)","decl":{"start":{"line":25,"column":10},"end":{"line":25,"column":11}},"loc":{"start":{"line":25,"column":28},"end":{"line":27,"column":5}},"line":25}},"branchMap":{"0":{"loc":{"start":{"line":15,"column":17},"end":{"line":15,"column":54}},"type":"binary-expr","locations":[{"start":{"line":15,"column":17},"end":{"line":15,"column":37}},{"start":{"line":15,"column":41},"end":{"line":15,"column":54}}],"line":15},"1":{"loc":{"start":{"line":30,"column":13},"end":{"line":30,"column":37}},"type":"binary-expr","locations":[{"start":{"line":30,"column":13},"end":{"line":30,"column":29}},{"start":{"line":30,"column":33},"end":{"line":30,"column":37}}],"line":30},"2":{"loc":{"start":{"line":45,"column":0},"end":{"line":50,"column":1}},"type":"if","locations":[{"start":{"line":45,"column":0},"end":{"line":50,"column":1}},{"start":{},"end":{}}],"line":45},"3":{"loc":{"start":{"line":53,"column":0},"end":{"line":53,"column":61}},"type":"cond-expr","locations":[{"start":{"line":53,"column":26},"end":{"line":53,"column":42}},{"start":{"line":53,"column":45},"end":{"line":53,"column":61}}],"line":53}},"s":{"0":2,"1":2,"2":2,"3":2,"4":2,"5":2,"6":2,"7":2,"8":2,"9":2,"10":2,"11":2,"12":2,"13":2,"14":2,"15":2,"16":32,"17":2,"18":2,"19":2,"20":2,"21":0,"22":2,"23":2},"f":{"0":32},"b":{"0":[2,0],"1":[2,0],"2":[0,2],"3":[2,0]},"_coverageSchema":"1a1c01bbd47fc00a2c39e90264f33305004495a9","hash":"f311f1cfffedf505a164ed3b0f53432b79c0c865"}
,"D:\\Documentos\\CursosUdemy\\API-REST-Nodejs-Express-MongoDB\\Proyectos\\API-REST\\config\\mongo.js": {"path":"D:\\Documentos\\CursosUdemy\\API-REST-Nodejs-Express-MongoDB\\Proyectos\\API-REST\\config\\mongo.js","statementMap":{"0":{"start":{"line":2,"column":17},"end":{"line":2,"column":36}},"1":{"start":{"line":4,"column":17},"end":{"line":4,"column":37}},"2":{"start":{"line":7,"column":18},"end":{"line":19,"column":1}},"3":{"start":{"line":9,"column":19},"end":{"line":9,"column":87}},"4":{"start":{"line":11,"column":4},"end":{"line":18,"column":7}},"5":{"start":{"line":14,"column":6},"end":{"line":14,"column":52}},"6":{"start":{"line":17,"column":6},"end":{"line":17,"column":48}},"7":{"start":{"line":22,"column":0},"end":{"line":22,"column":26}}},"fnMap":{"0":{"name":"(anonymous_0)","decl":{"start":{"line":7,"column":18},"end":{"line":7,"column":19}},"loc":{"start":{"line":7,"column":24},"end":{"line":19,"column":1}},"line":7},"1":{"name":"(anonymous_1)","decl":{"start":{"line":13,"column":11},"end":{"line":13,"column":12}},"loc":{"start":{"line":13,"column":22},"end":{"line":15,"column":5}},"line":13},"2":{"name":"(anonymous_2)","decl":{"start":{"line":16,"column":10},"end":{"line":16,"column":11}},"loc":{"start":{"line":16,"column":16},"end":{"line":18,"column":5}},"line":16}},"branchMap":{"0":{"loc":{"start":{"line":9,"column":19},"end":{"line":9,"column":87}},"type":"cond-expr","locations":[{"start":{"line":9,"column":43},"end":{"line":9,"column":66}},{"start":{"line":9,"column":69},"end":{"line":9,"column":87}}],"line":9}},"s":{"0":2,"1":2,"2":2,"3":2,"4":2,"5":0,"6":2,"7":2},"f":{"0":2,"1":0,"2":2},"b":{"0":[2,0]},"_coverageSchema":"1a1c01bbd47fc00a2c39e90264f33305004495a9","hash":"cebe8799af8b0b69640c720c8e14c510b19df01c"}
,"D:\\Documentos\\CursosUdemy\\API-REST-Nodejs-Express-MongoDB\\Proyectos\\API-REST\\config\\mysql.js": {"path":"D:\\Documentos\\CursosUdemy\\API-REST-Nodejs-Express-MongoDB\\Proyectos\\API-REST\\config\\mysql.js","statementMap":{"0":{"start":{"line":1,"column":22},"end":{"line":1,"column":42}},"1":{"start":{"line":3,"column":17},"end":{"line":3,"column":37}},"2":{"start":{"line":6,"column":17},"end":{"line":6,"column":101}},"3":{"start":{"line":7,"column":18},"end":{"line":7,"column":94}},"4":{"start":{"line":8,"column":17},"end":{"line":8,"column":101}},"5":{"start":{"line":9,"column":13},"end":{"line":9,"column":89}},"6":{"start":{"line":10,"column":16},"end":{"line":10,"column":23}},"7":{"start":{"line":12,"column":18},"end":{"line":20,"column":1}},"8":{"start":{"line":23,"column":23},"end":{"line":30,"column":1}},"9":{"start":{"line":24,"column":4},"end":{"line":29,"column":5}},"10":{"start":{"line":25,"column":8},"end":{"line":25,"column":39}},"11":{"start":{"line":26,"column":8},"end":{"line":26,"column":47}},"12":{"start":{"line":28,"column":8},"end":{"line":28,"column":51}},"13":{"start":{"line":32,"column":0},"end":{"line":32,"column":46}}},"fnMap":{"0":{"name":"(anonymous_0)","decl":{"start":{"line":23,"column":23},"end":{"line":23,"column":24}},"loc":{"start":{"line":23,"column":35},"end":{"line":30,"column":1}},"line":23}},"branchMap":{"0":{"loc":{"start":{"line":6,"column":17},"end":{"line":6,"column":101}},"type":"cond-expr","locations":[{"start":{"line":6,"column":41},"end":{"line":6,"column":72}},{"start":{"line":6,"column":75},"end":{"line":6,"column":101}}],"line":6},"1":{"loc":{"start":{"line":7,"column":18},"end":{"line":7,"column":94}},"type":"cond-expr","locations":[{"start":{"line":7,"column":42},"end":{"line":7,"column":69}},{"start":{"line":7,"column":72},"end":{"line":7,"column":94}}],"line":7},"2":{"loc":{"start":{"line":8,"column":17},"end":{"line":8,"column":101}},"type":"cond-expr","locations":[{"start":{"line":8,"column":41},"end":{"line":8,"column":72}},{"start":{"line":8,"column":75},"end":{"line":8,"column":101}}],"line":8},"3":{"loc":{"start":{"line":9,"column":13},"end":{"line":9,"column":89}},"type":"cond-expr","locations":[{"start":{"line":9,"column":37},"end":{"line":9,"column":64}},{"start":{"line":9,"column":67},"end":{"line":9,"column":89}}],"line":9}},"s":{"0":2,"1":2,"2":2,"3":2,"4":2,"5":2,"6":2,"7":2,"8":2,"9":0,"10":0,"11":0,"12":0,"13":2},"f":{"0":0},"b":{"0":[2,0],"1":[2,0],"2":[2,0],"3":[2,0]},"_coverageSchema":"1a1c01bbd47fc00a2c39e90264f33305004495a9","hash":"be2ab23db99947d5bbd50cbc738d499da713de4c"}
,"D:\\Documentos\\CursosUdemy\\API-REST-Nodejs-Express-MongoDB\\Proyectos\\API-REST\\controllers\\auth.js": {"path":"D:\\Documentos\\CursosUdemy\\API-REST-Nodejs-Express-MongoDB\\Proyectos\\API-REST\\controllers\\auth.js","statementMap":{"0":{"start":{"line":1,"column":24},"end":{"line":1,"column":52}},"1":{"start":{"line":2,"column":22},"end":{"line":2,"column":51}},"2":{"start":{"line":3,"column":28},"end":{"line":3,"column":59}},"3":{"start":{"line":4,"column":28},"end":{"line":4,"column":62}},"4":{"start":{"line":5,"column":23},"end":{"line":5,"column":43}},"5":{"start":{"line":12,"column":24},"end":{"line":31,"column":1}},"6":{"start":{"line":13,"column":4},"end":{"line":29,"column":5}},"7":{"start":{"line":14,"column":8},"end":{"line":14,"column":31}},"8":{"start":{"line":15,"column":25},"end":{"line":15,"column":52}},"9":{"start":{"line":16,"column":21},"end":{"line":16,"column":39}},"10":{"start":{"line":17,"column":25},"end":{"line":17,"column":54}},"11":{"start":{"line":18,"column":8},"end":{"line":18,"column":62}},"12":{"start":{"line":20,"column":21},"end":{"line":23,"column":9}},"13":{"start":{"line":24,"column":8},"end":{"line":24,"column":23}},"14":{"start":{"line":25,"column":8},"end":{"line":25,"column":26}},"15":{"start":{"line":27,"column":8},"end":{"line":27,"column":23}},"16":{"start":{"line":28,"column":8},"end":{"line":28,"column":51}},"17":{"start":{"line":33,"column":21},"end":{"line":67,"column":1}},"18":{"start":{"line":34,"column":4},"end":{"line":66,"column":5}},"19":{"start":{"line":35,"column":8},"end":{"line":35,"column":30}},"20":{"start":{"line":38,"column":21},"end":{"line":39,"column":43}},"21":{"start":{"line":41,"column":8},"end":{"line":44,"column":9}},"22":{"start":{"line":42,"column":12},"end":{"line":42,"column":55}},"23":{"start":{"line":43,"column":12},"end":{"line":43,"column":18}},"24":{"start":{"line":46,"column":29},"end":{"line":46,"column":42}},"25":{"start":{"line":47,"column":22},"end":{"line":47,"column":63}},"26":{"start":{"line":49,"column":8},"end":{"line":52,"column":9}},"27":{"start":{"line":50,"column":12},"end":{"line":50,"column":56}},"28":{"start":{"line":51,"column":12},"end":{"line":51,"column":18}},"29":{"start":{"line":54,"column":8},"end":{"line":54,"column":58}},"30":{"start":{"line":56,"column":21},"end":{"line":59,"column":9}},"31":{"start":{"line":61,"column":8},"end":{"line":61,"column":26}},"32":{"start":{"line":64,"column":8},"end":{"line":64,"column":22}},"33":{"start":{"line":65,"column":8},"end":{"line":65,"column":48}},"34":{"start":{"line":69,"column":0},"end":{"line":69,"column":50}}},"fnMap":{"0":{"name":"(anonymous_0)","decl":{"start":{"line":12,"column":24},"end":{"line":12,"column":25}},"loc":{"start":{"line":12,"column":43},"end":{"line":31,"column":1}},"line":12},"1":{"name":"(anonymous_1)","decl":{"start":{"line":33,"column":21},"end":{"line":33,"column":22}},"loc":{"start":{"line":33,"column":41},"end":{"line":67,"column":1}},"line":33}},"branchMap":{"0":{"loc":{"start":{"line":41,"column":8},"end":{"line":44,"column":9}},"type":"if","locations":[{"start":{"line":41,"column":8},"end":{"line":44,"column":9}},{"start":{},"end":{}}],"line":41},"1":{"loc":{"start":{"line":49,"column":8},"end":{"line":52,"column":9}},"type":"if","locations":[{"start":{"line":49,"column":8},"end":{"line":52,"column":9}},{"start":{},"end":{}}],"line":49}},"s":{"0":2,"1":2,"2":2,"3":2,"4":2,"5":2,"6":1,"7":1,"8":1,"9":1,"10":1,"11":1,"12":1,"13":1,"14":1,"15":0,"16":0,"17":2,"18":3,"19":3,"20":3,"21":3,"22":1,"23":1,"24":2,"25":2,"26":2,"27":1,"28":1,"29":1,"30":1,"31":1,"32":0,"33":0,"34":2},"f":{"0":1,"1":3},"b":{"0":[1,2],"1":[1,1]},"_coverageSchema":"1a1c01bbd47fc00a2c39e90264f33305004495a9","hash":"5c07ce5ca8c056551292ece79d8ee60929585dd2"}
,"D:\\Documentos\\CursosUdemy\\API-REST-Nodejs-Express-MongoDB\\Proyectos\\API-REST\\controllers\\storage.js": {"path":"D:\\Documentos\\CursosUdemy\\API-REST-Nodejs-Express-MongoDB\\Proyectos\\API-REST\\controllers\\storage.js","statementMap":{"0":{"start":{"line":1,"column":11},"end":{"line":1,"column":24}},"1":{"start":{"line":2,"column":30},"end":{"line":2,"column":58}},"2":{"start":{"line":3,"column":25},"end":{"line":3,"column":45}},"3":{"start":{"line":4,"column":28},"end":{"line":4,"column":59}},"4":{"start":{"line":7,"column":19},"end":{"line":7,"column":41}},"5":{"start":{"line":8,"column":19},"end":{"line":8,"column":44}},"6":{"start":{"line":16,"column":17},"end":{"line":23,"column":1}},"7":{"start":{"line":17,"column":4},"end":{"line":22,"column":5}},"8":{"start":{"line":18,"column":19},"end":{"line":18,"column":46}},"9":{"start":{"line":19,"column":6},"end":{"line":19,"column":25}},"10":{"start":{"line":21,"column":6},"end":{"line":21,"column":47}},"11":{"start":{"line":30,"column":16},"end":{"line":39,"column":1}},"12":{"start":{"line":31,"column":4},"end":{"line":38,"column":5}},"13":{"start":{"line":32,"column":23},"end":{"line":32,"column":39}},"14":{"start":{"line":33,"column":21},"end":{"line":33,"column":52}},"15":{"start":{"line":34,"column":8},"end":{"line":34,"column":27}},"16":{"start":{"line":36,"column":8},"end":{"line":36,"column":22}},"17":{"start":{"line":37,"column":8},"end":{"line":37,"column":51}},"18":{"start":{"line":46,"column":19},"end":{"line":61,"column":1}},"19":{"start":{"line":48,"column":4},"end":{"line":60,"column":5}},"20":{"start":{"line":49,"column":25},"end":{"line":49,"column":28}},"21":{"start":{"line":50,"column":25},"end":{"line":53,"column":9}},"22":{"start":{"line":54,"column":21},"end":{"line":54,"column":56}},"23":{"start":{"line":55,"column":8},"end":{"line":55,"column":24}},"24":{"start":{"line":56,"column":8},"end":{"line":56,"column":27}},"25":{"start":{"line":58,"column":8},"end":{"line":58,"column":22}},"26":{"start":{"line":59,"column":8},"end":{"line":59,"column":51}},"27":{"start":{"line":69,"column":19},"end":{"line":87,"column":1}},"28":{"start":{"line":70,"column":4},"end":{"line":86,"column":7}},"29":{"start":{"line":71,"column":23},"end":{"line":71,"column":39}},"30":{"start":{"line":72,"column":25},"end":{"line":72,"column":56}},"31":{"start":{"line":73,"column":31},"end":{"line":73,"column":69}},"32":{"start":{"line":74,"column":29},"end":{"line":74,"column":37}},"33":{"start":{"line":75,"column":25},"end":{"line":75,"column":52}},"34":{"start":{"line":77,"column":8},"end":{"line":77,"column":32}},"35":{"start":{"line":78,"column":21},"end":{"line":81,"column":9}},"36":{"start":{"line":83,"column":8},"end":{"line":83,"column":27}},"37":{"start":{"line":85,"column":8},"end":{"line":85,"column":51}},"38":{"start":{"line":90,"column":0},"end":{"line":90,"column":63}}},"fnMap":{"0":{"name":"(anonymous_0)","decl":{"start":{"line":16,"column":17},"end":{"line":16,"column":18}},"loc":{"start":{"line":16,"column":37},"end":{"line":23,"column":1}},"line":16},"1":{"name":"(anonymous_1)","decl":{"start":{"line":30,"column":16},"end":{"line":30,"column":17}},"loc":{"start":{"line":30,"column":36},"end":{"line":39,"column":1}},"line":30},"2":{"name":"(anonymous_2)","decl":{"start":{"line":46,"column":19},"end":{"line":46,"column":20}},"loc":{"start":{"line":46,"column":39},"end":{"line":61,"column":1}},"line":46},"3":{"name":"(anonymous_3)","decl":{"start":{"line":69,"column":19},"end":{"line":69,"column":20}},"loc":{"start":{"line":69,"column":39},"end":{"line":87,"column":1}},"line":69}},"branchMap":{},"s":{"0":2,"1":2,"2":2,"3":2,"4":2,"5":2,"6":2,"7":0,"8":0,"9":0,"10":0,"11":2,"12":0,"13":0,"14":0,"15":0,"16":0,"17":0,"18":2,"19":0,"20":0,"21":0,"22":0,"23":0,"24":0,"25":0,"26":0,"27":2,"28":0,"29":0,"30":0,"31":0,"32":0,"33":0,"34":0,"35":0,"36":0,"37":0,"38":2},"f":{"0":0,"1":0,"2":0,"3":0},"b":{},"_coverageSchema":"1a1c01bbd47fc00a2c39e90264f33305004495a9","hash":"fd15d38356f62ce351a52cb652ebf96b6ed31b87"}
,"D:\\Documentos\\CursosUdemy\\API-REST-Nodejs-Express-MongoDB\\Proyectos\\API-REST\\controllers\\tracks.js": {"path":"D:\\Documentos\\CursosUdemy\\API-REST-Nodejs-Express-MongoDB\\Proyectos\\API-REST\\controllers\\tracks.js","statementMap":{"0":{"start":{"line":1,"column":30},"end":{"line":1,"column":58}},"1":{"start":{"line":2,"column":24},"end":{"line":2,"column":44}},"2":{"start":{"line":3,"column":28},"end":{"line":3,"column":59}},"3":{"start":{"line":11,"column":17},"end":{"line":24,"column":1}},"4":{"start":{"line":13,"column":4},"end":{"line":21,"column":5}},"5":{"start":{"line":15,"column":21},"end":{"line":15,"column":54}},"6":{"start":{"line":17,"column":8},"end":{"line":17,"column":26}},"7":{"start":{"line":19,"column":8},"end":{"line":19,"column":22}},"8":{"start":{"line":20,"column":8},"end":{"line":20,"column":50}},"9":{"start":{"line":31,"column":16},"end":{"line":42,"column":1}},"10":{"start":{"line":32,"column":4},"end":{"line":40,"column":5}},"11":{"start":{"line":33,"column":8},"end":{"line":33,"column":31}},"12":{"start":{"line":34,"column":21},"end":{"line":34,"column":24}},"13":{"start":{"line":35,"column":21},"end":{"line":35,"column":54}},"14":{"start":{"line":36,"column":8},"end":{"line":36,"column":26}},"15":{"start":{"line":38,"column":8},"end":{"line":38,"column":22}},"16":{"start":{"line":39,"column":8},"end":{"line":39,"column":47}},"17":{"start":{"line":49,"column":19},"end":{"line":64,"column":1}},"18":{"start":{"line":51,"column":4},"end":{"line":62,"column":5}},"19":{"start":{"line":55,"column":21},"end":{"line":55,"column":37}},"20":{"start":{"line":56,"column":21},"end":{"line":56,"column":51}},"21":{"start":{"line":58,"column":8},"end":{"line":58,"column":24}},"22":{"start":{"line":59,"column":8},"end":{"line":59,"column":26}},"23":{"start":{"line":61,"column":8},"end":{"line":61,"column":51}},"24":{"start":{"line":71,"column":19},"end":{"line":87,"column":1}},"25":{"start":{"line":73,"column":4},"end":{"line":85,"column":5}},"26":{"start":{"line":75,"column":30},"end":{"line":75,"column":46}},"27":{"start":{"line":76,"column":21},"end":{"line":79,"column":9}},"28":{"start":{"line":80,"column":8},"end":{"line":80,"column":27}},"29":{"start":{"line":84,"column":8},"end":{"line":84,"column":50}},"30":{"start":{"line":94,"column":19},"end":{"line":111,"column":1}},"31":{"start":{"line":96,"column":4},"end":{"line":109,"column":5}},"32":{"start":{"line":97,"column":8},"end":{"line":97,"column":31}},"33":{"start":{"line":98,"column":21},"end":{"line":98,"column":24}},"34":{"start":{"line":100,"column":31},"end":{"line":100,"column":65}},"35":{"start":{"line":101,"column":21},"end":{"line":103,"column":9}},"36":{"start":{"line":105,"column":8},"end":{"line":105,"column":25}},"37":{"start":{"line":107,"column":8},"end":{"line":107,"column":22}},"38":{"start":{"line":108,"column":8},"end":{"line":108,"column":50}},"39":{"start":{"line":114,"column":0},"end":{"line":114,"column":75}}},"fnMap":{"0":{"name":"(anonymous_0)","decl":{"start":{"line":11,"column":17},"end":{"line":11,"column":18}},"loc":{"start":{"line":11,"column":37},"end":{"line":24,"column":1}},"line":11},"1":{"name":"(anonymous_1)","decl":{"start":{"line":31,"column":16},"end":{"line":31,"column":17}},"loc":{"start":{"line":31,"column":36},"end":{"line":42,"column":1}},"line":31},"2":{"name":"(anonymous_2)","decl":{"start":{"line":49,"column":19},"end":{"line":49,"column":20}},"loc":{"start":{"line":49,"column":39},"end":{"line":64,"column":1}},"line":49},"3":{"name":"(anonymous_3)","decl":{"start":{"line":71,"column":19},"end":{"line":71,"column":20}},"loc":{"start":{"line":71,"column":39},"end":{"line":87,"column":1}},"line":71},"4":{"name":"(anonymous_4)","decl":{"start":{"line":94,"column":19},"end":{"line":94,"column":20}},"loc":{"start":{"line":94,"column":39},"end":{"line":111,"column":1}},"line":94}},"branchMap":{},"s":{"0":2,"1":2,"2":2,"3":2,"4":1,"5":1,"6":1,"7":0,"8":0,"9":2,"10":1,"11":1,"12":1,"13":1,"14":1,"15":0,"16":0,"17":2,"18":1,"19":1,"20":1,"21":1,"22":1,"23":0,"24":2,"25":0,"26":0,"27":0,"28":0,"29":0,"30":2,"31":1,"32":1,"33":1,"34":1,"35":1,"36":1,"37":0,"38":0,"39":2},"f":{"0":1,"1":1,"2":1,"3":0,"4":1},"b":{},"_coverageSchema":"1a1c01bbd47fc00a2c39e90264f33305004495a9","hash":"6005b519a0a19f6192d7b7097c1a00bd19e8cd49"}
,"D:\\Documentos\\CursosUdemy\\API-REST-Nodejs-Express-MongoDB\\Proyectos\\API-REST\\docs\\swagger.js": {"path":"D:\\Documentos\\CursosUdemy\\API-REST-Nodejs-Express-MongoDB\\Proyectos\\API-REST\\docs\\swagger.js","statementMap":{"0":{"start":{"line":1,"column":21},"end":{"line":1,"column":45}},"1":{"start":{"line":7,"column":26},"end":{"line":115,"column":1}},"2":{"start":{"line":120,"column":16},"end":{"line":123,"column":1}},"3":{"start":{"line":125,"column":28},"end":{"line":125,"column":49}},"4":{"start":{"line":127,"column":0},"end":{"line":127,"column":37}}},"fnMap":{},"branchMap":{},"s":{"0":2,"1":2,"2":2,"3":2,"4":2},"f":{},"b":{},"_coverageSchema":"1a1c01bbd47fc00a2c39e90264f33305004495a9","hash":"e6efb069ef3c7096a4dff86e11360635b2196c4c"}
,"D:\\Documentos\\CursosUdemy\\API-REST-Nodejs-Express-MongoDB\\Proyectos\\API-REST\\middleware\\rol.js": {"path":"D:\\Documentos\\CursosUdemy\\API-REST-Nodejs-Express-MongoDB\\Proyectos\\API-REST\\middleware\\rol.js","statementMap":{"0":{"start":{"line":1,"column":28},"end":{"line":1,"column":59}},"1":{"start":{"line":8,"column":17},"end":{"line":30,"column":1}},"2":{"start":{"line":8,"column":28},"end":{"line":30,"column":1}},"3":{"start":{"line":10,"column":4},"end":{"line":28,"column":5}},"4":{"start":{"line":11,"column":25},"end":{"line":11,"column":28}},"5":{"start":{"line":12,"column":28},"end":{"line":12,"column":37}},"6":{"start":{"line":14,"column":8},"end":{"line":14,"column":29}},"7":{"start":{"line":15,"column":8},"end":{"line":15,"column":30}},"8":{"start":{"line":16,"column":8},"end":{"line":16,"column":36}},"9":{"start":{"line":19,"column":30},"end":{"line":19,"column":88}},"10":{"start":{"line":19,"column":56},"end":{"line":19,"column":87}},"11":{"start":{"line":20,"column":8},"end":{"line":23,"column":9}},"12":{"start":{"line":21,"column":12},"end":{"line":21,"column":61}},"13":{"start":{"line":22,"column":12},"end":{"line":22,"column":18}},"14":{"start":{"line":25,"column":8},"end":{"line":25,"column":14}},"15":{"start":{"line":27,"column":8},"end":{"line":27,"column":58}},"16":{"start":{"line":32,"column":0},"end":{"line":32,"column":26}}},"fnMap":{"0":{"name":"(anonymous_0)","decl":{"start":{"line":8,"column":17},"end":{"line":8,"column":18}},"loc":{"start":{"line":8,"column":28},"end":{"line":30,"column":1}},"line":8},"1":{"name":"(anonymous_1)","decl":{"start":{"line":8,"column":28},"end":{"line":8,"column":29}},"loc":{"start":{"line":8,"column":48},"end":{"line":30,"column":1}},"line":8},"2":{"name":"(anonymous_2)","decl":{"start":{"line":19,"column":41},"end":{"line":19,"column":42}},"loc":{"start":{"line":19,"column":56},"end":{"line":19,"column":87}},"line":19}},"branchMap":{"0":{"loc":{"start":{"line":20,"column":8},"end":{"line":23,"column":9}},"type":"if","locations":[{"start":{"line":20,"column":8},"end":{"line":23,"column":9}},{"start":{},"end":{}}],"line":20}},"s":{"0":2,"1":2,"2":2,"3":1,"4":1,"5":1,"6":1,"7":1,"8":1,"9":1,"10":2,"11":1,"12":0,"13":0,"14":1,"15":0,"16":2},"f":{"0":2,"1":1,"2":2},"b":{"0":[0,1]},"_coverageSchema":"1a1c01bbd47fc00a2c39e90264f33305004495a9","hash":"6da884dfda835a32acfd1ab80fd00fefb44ab4ca"}
,"D:\\Documentos\\CursosUdemy\\API-REST-Nodejs-Express-MongoDB\\Proyectos\\API-REST\\middleware\\session.js": {"path":"D:\\Documentos\\CursosUdemy\\API-REST-Nodejs-Express-MongoDB\\Proyectos\\API-REST\\middleware\\session.js","statementMap":{"0":{"start":{"line":1,"column":19},"end":{"line":1,"column":42}},"1":{"start":{"line":2,"column":28},"end":{"line":2,"column":59}},"2":{"start":{"line":3,"column":24},"end":{"line":3,"column":53}},"3":{"start":{"line":4,"column":23},"end":{"line":4,"column":43}},"4":{"start":{"line":5,"column":22},"end":{"line":5,"column":64}},"5":{"start":{"line":6,"column":22},"end":{"line":6,"column":37}},"6":{"start":{"line":8,"column":23},"end":{"line":37,"column":1}},"7":{"start":{"line":9,"column":4},"end":{"line":36,"column":5}},"8":{"start":{"line":11,"column":8},"end":{"line":14,"column":9}},"9":{"start":{"line":12,"column":12},"end":{"line":12,"column":50}},"10":{"start":{"line":13,"column":12},"end":{"line":13,"column":19}},"11":{"start":{"line":16,"column":22},"end":{"line":16,"column":64}},"12":{"start":{"line":17,"column":26},"end":{"line":17,"column":50}},"13":{"start":{"line":19,"column":8},"end":{"line":22,"column":9}},"14":{"start":{"line":20,"column":12},"end":{"line":20,"column":57}},"15":{"start":{"line":21,"column":12},"end":{"line":21,"column":18}},"16":{"start":{"line":24,"column":22},"end":{"line":26,"column":9}},"17":{"start":{"line":29,"column":21},"end":{"line":29,"column":52}},"18":{"start":{"line":30,"column":8},"end":{"line":30,"column":23}},"19":{"start":{"line":32,"column":8},"end":{"line":32,"column":14}},"20":{"start":{"line":35,"column":8},"end":{"line":35,"column":48}},"21":{"start":{"line":39,"column":0},"end":{"line":39,"column":31}}},"fnMap":{"0":{"name":"(anonymous_0)","decl":{"start":{"line":8,"column":23},"end":{"line":8,"column":24}},"loc":{"start":{"line":8,"column":49},"end":{"line":37,"column":1}},"line":8}},"branchMap":{"0":{"loc":{"start":{"line":11,"column":8},"end":{"line":14,"column":9}},"type":"if","locations":[{"start":{"line":11,"column":8},"end":{"line":14,"column":9}},{"start":{},"end":{}}],"line":11},"1":{"loc":{"start":{"line":19,"column":8},"end":{"line":22,"column":9}},"type":"if","locations":[{"start":{"line":19,"column":8},"end":{"line":22,"column":9}},{"start":{},"end":{}}],"line":19}},"s":{"0":2,"1":2,"2":2,"3":2,"4":2,"5":2,"6":2,"7":4,"8":4,"9":0,"10":0,"11":4,"12":4,"13":4,"14":0,"15":0,"16":4,"17":4,"18":4,"19":4,"20":0,"21":2},"f":{"0":4},"b":{"0":[0,4],"1":[0,4]},"_coverageSchema":"1a1c01bbd47fc00a2c39e90264f33305004495a9","hash":"28cee402e5534df2c1203e3b77f8e14d057a44a5"}
,"D:\\Documentos\\CursosUdemy\\API-REST-Nodejs-Express-MongoDB\\Proyectos\\API-REST\\models\\index.js": {"path":"D:\\Documentos\\CursosUdemy\\API-REST-Nodejs-Express-MongoDB\\Proyectos\\API-REST\\models\\index.js","statementMap":{"0":{"start":{"line":1,"column":18},"end":{"line":1,"column":39}},"1":{"start":{"line":3,"column":19},"end":{"line":3,"column":64}},"2":{"start":{"line":5,"column":15},"end":{"line":9,"column":1}},"3":{"start":{"line":11,"column":0},"end":{"line":11,"column":23}}},"fnMap":{},"branchMap":{"0":{"loc":{"start":{"line":3,"column":19},"end":{"line":3,"column":64}},"type":"cond-expr","locations":[{"start":{"line":3,"column":43},"end":{"line":3,"column":52}},{"start":{"line":3,"column":55},"end":{"line":3,"column":64}}],"line":3}},"s":{"0":2,"1":2,"2":2,"3":2},"f":{},"b":{"0":[2,0]},"_coverageSchema":"1a1c01bbd47fc00a2c39e90264f33305004495a9","hash":"b6be5c67c7d98b00cc2200a28bb27f4122a02007"}
,"D:\\Documentos\\CursosUdemy\\API-REST-Nodejs-Express-MongoDB\\Proyectos\\API-REST\\models\\nosql\\storage.js": {"path":"D:\\Documentos\\CursosUdemy\\API-REST-Nodejs-Express-MongoDB\\Proyectos\\API-REST\\models\\nosql\\storage.js","statementMap":{"0":{"start":{"line":1,"column":17},"end":{"line":1,"column":36}},"1":{"start":{"line":2,"column":23},"end":{"line":2,"column":49}},"2":{"start":{"line":4,"column":22},"end":{"line":17,"column":1}},"3":{"start":{"line":19,"column":0},"end":{"line":19,"column":64}},"4":{"start":{"line":20,"column":0},"end":{"line":20,"column":57}}},"fnMap":{},"branchMap":{},"s":{"0":2,"1":2,"2":2,"3":2,"4":2},"f":{},"b":{},"_coverageSchema":"1a1c01bbd47fc00a2c39e90264f33305004495a9","hash":"b3e9a1c465566a287339ec2cde491c29450ecec9"}
,"D:\\Documentos\\CursosUdemy\\API-REST-Nodejs-Express-MongoDB\\Proyectos\\API-REST\\models\\nosql\\tracks.js": {"path":"D:\\Documentos\\CursosUdemy\\API-REST-Nodejs-Express-MongoDB\\Proyectos\\API-REST\\models\\nosql\\tracks.js","statementMap":{"0":{"start":{"line":1,"column":17},"end":{"line":1,"column":36}},"1":{"start":{"line":2,"column":23},"end":{"line":2,"column":49}},"2":{"start":{"line":3,"column":20},"end":{"line":47,"column":1}},"3":{"start":{"line":15,"column":10},"end":{"line":15,"column":22}},"4":{"start":{"line":52,"column":0},"end":{"line":67,"column":2}},"5":{"start":{"line":53,"column":21},"end":{"line":65,"column":6}},"6":{"start":{"line":66,"column":4},"end":{"line":66,"column":19}},"7":{"start":{"line":69,"column":0},"end":{"line":89,"column":2}},"8":{"start":{"line":70,"column":21},"end":{"line":87,"column":6}},"9":{"start":{"line":88,"column":4},"end":{"line":88,"column":19}},"10":{"start":{"line":93,"column":0},"end":{"line":93,"column":62}},"11":{"start":{"line":94,"column":0},"end":{"line":94,"column":54}}},"fnMap":{"0":{"name":"(anonymous_0)","decl":{"start":{"line":14,"column":19},"end":{"line":14,"column":20}},"loc":{"start":{"line":14,"column":28},"end":{"line":16,"column":9}},"line":14},"1":{"name":"(anonymous_1)","decl":{"start":{"line":52,"column":34},"end":{"line":52,"column":35}},"loc":{"start":{"line":52,"column":45},"end":{"line":67,"column":1}},"line":52},"2":{"name":"(anonymous_2)","decl":{"start":{"line":69,"column":34},"end":{"line":69,"column":35}},"loc":{"start":{"line":69,"column":47},"end":{"line":89,"column":1}},"line":69}},"branchMap":{},"s":{"0":2,"1":2,"2":2,"3":1,"4":2,"5":1,"6":1,"7":2,"8":1,"9":1,"10":2,"11":2},"f":{"0":1,"1":1,"2":1},"b":{},"_coverageSchema":"1a1c01bbd47fc00a2c39e90264f33305004495a9","hash":"1012f5947bd58634a7fb7c7ea11e3ce6c8d1bfb3"}
,"D:\\Documentos\\CursosUdemy\\API-REST-Nodejs-Express-MongoDB\\Proyectos\\API-REST\\models\\nosql\\users.js": {"path":"D:\\Documentos\\CursosUdemy\\API-REST-Nodejs-Express-MongoDB\\Proyectos\\API-REST\\models\\nosql\\users.js","statementMap":{"0":{"start":{"line":1,"column":17},"end":{"line":1,"column":36}},"1":{"start":{"line":2,"column":23},"end":{"line":2,"column":49}},"2":{"start":{"line":4,"column":19},"end":{"line":29,"column":1}},"3":{"start":{"line":32,"column":0},"end":{"line":32,"column":61}},"4":{"start":{"line":33,"column":0},"end":{"line":33,"column":52}}},"fnMap":{},"branchMap":{},"s":{"0":2,"1":2,"2":2,"3":2,"4":2},"f":{},"b":{},"_coverageSchema":"1a1c01bbd47fc00a2c39e90264f33305004495a9","hash":"c2b2c91e27ec15a6179b73705b1ab17dd0aead7b"}
,"D:\\Documentos\\CursosUdemy\\API-REST-Nodejs-Express-MongoDB\\Proyectos\\API-REST\\routes\\auth.js": {"path":"D:\\Documentos\\CursosUdemy\\API-REST-Nodejs-Express-MongoDB\\Proyectos\\API-REST\\routes\\auth.js","statementMap":{"0":{"start":{"line":1,"column":16},"end":{"line":1,"column":34}},"1":{"start":{"line":2,"column":42},"end":{"line":2,"column":72}},"2":{"start":{"line":3,"column":15},"end":{"line":3,"column":31}},"3":{"start":{"line":4,"column":46},"end":{"line":4,"column":75}},"4":{"start":{"line":32,"column":0},"end":{"line":32,"column":61}},"5":{"start":{"line":59,"column":0},"end":{"line":59,"column":52}},"6":{"start":{"line":62,"column":0},"end":{"line":62,"column":23}}},"fnMap":{},"branchMap":{},"s":{"0":2,"1":2,"2":2,"3":2,"4":2,"5":2,"6":2},"f":{},"b":{},"_coverageSchema":"1a1c01bbd47fc00a2c39e90264f33305004495a9","hash":"dd15de07c7b1dd9a0f39b782620efc00e2badf5e"}
,"D:\\Documentos\\CursosUdemy\\API-REST-Nodejs-Express-MongoDB\\Proyectos\\API-REST\\routes\\index.js": {"path":"D:\\Documentos\\CursosUdemy\\API-REST-Nodejs-Express-MongoDB\\Proyectos\\API-REST\\routes\\index.js","statementMap":{"0":{"start":{"line":1,"column":16},"end":{"line":1,"column":34}},"1":{"start":{"line":2,"column":11},"end":{"line":2,"column":24}},"2":{"start":{"line":3,"column":15},"end":{"line":3,"column":31}},"3":{"start":{"line":5,"column":20},"end":{"line":5,"column":29}},"4":{"start":{"line":10,"column":24},"end":{"line":13,"column":1}},"5":{"start":{"line":12,"column":4},"end":{"line":12,"column":38}},"6":{"start":{"line":16,"column":0},"end":{"line":22,"column":3}},"7":{"start":{"line":17,"column":17},"end":{"line":17,"column":38}},"8":{"start":{"line":18,"column":4},"end":{"line":21,"column":5}},"9":{"start":{"line":19,"column":8},"end":{"line":19,"column":45}},"10":{"start":{"line":20,"column":8},"end":{"line":20,"column":52}},"11":{"start":{"line":28,"column":0},"end":{"line":28,"column":23}}},"fnMap":{"0":{"name":"(anonymous_0)","decl":{"start":{"line":10,"column":24},"end":{"line":10,"column":25}},"loc":{"start":{"line":10,"column":38},"end":{"line":13,"column":1}},"line":10},"1":{"name":"(anonymous_1)","decl":{"start":{"line":16,"column":35},"end":{"line":16,"column":36}},"loc":{"start":{"line":16,"column":45},"end":{"line":22,"column":1}},"line":16}},"branchMap":{"0":{"loc":{"start":{"line":18,"column":4},"end":{"line":21,"column":5}},"type":"if","locations":[{"start":{"line":18,"column":4},"end":{"line":21,"column":5}},{"start":{},"end":{}}],"line":18}},"s":{"0":2,"1":2,"2":2,"3":2,"4":2,"5":8,"6":2,"7":8,"8":8,"9":6,"10":6,"11":2},"f":{"0":8,"1":8},"b":{"0":[6,2]},"_coverageSchema":"1a1c01bbd47fc00a2c39e90264f33305004495a9","hash":"89755df43e8498fb8330e70426c0751a6fc9a91f"}
,"D:\\Documentos\\CursosUdemy\\API-REST-Nodejs-Express-MongoDB\\Proyectos\\API-REST\\routes\\storage.js": {"path":"D:\\Documentos\\CursosUdemy\\API-REST-Nodejs-Express-MongoDB\\Proyectos\\API-REST\\routes\\storage.js","statementMap":{"0":{"start":{"line":1,"column":16},"end":{"line":1,"column":34}},"1":{"start":{"line":2,"column":15},"end":{"line":2,"column":31}},"2":{"start":{"line":3,"column":25},"end":{"line":3,"column":58}},"3":{"start":{"line":4,"column":29},"end":{"line":4,"column":61}},"4":{"start":{"line":5,"column":54},"end":{"line":5,"column":87}},"5":{"start":{"line":32,"column":0},"end":{"line":32,"column":26}},"6":{"start":{"line":62,"column":0},"end":{"line":62,"column":46}},"7":{"start":{"line":95,"column":0},"end":{"line":95,"column":64}},"8":{"start":{"line":121,"column":0},"end":{"line":121,"column":52}},"9":{"start":{"line":124,"column":0},"end":{"line":124,"column":24}}},"fnMap":{},"branchMap":{},"s":{"0":2,"1":2,"2":2,"3":2,"4":2,"5":2,"6":2,"7":2,"8":2,"9":2},"f":{},"b":{},"_coverageSchema":"1a1c01bbd47fc00a2c39e90264f33305004495a9","hash":"0880ce4aa73f6db83ae38d74c7eb0003970aac40"}
,"D:\\Documentos\\CursosUdemy\\API-REST-Nodejs-Express-MongoDB\\Proyectos\\API-REST\\routes\\tracks.js": {"path":"D:\\Documentos\\CursosUdemy\\API-REST-Nodejs-Express-MongoDB\\Proyectos\\API-REST\\routes\\tracks.js","statementMap":{"0":{"start":{"line":1,"column":16},"end":{"line":1,"column":34}},"1":{"start":{"line":2,"column":15},"end":{"line":2,"column":31}},"2":{"start":{"line":4,"column":23},"end":{"line":4,"column":55}},"3":{"start":{"line":5,"column":50},"end":{"line":5,"column":81}},"4":{"start":{"line":6,"column":66},"end":{"line":6,"column":98}},"5":{"start":{"line":7,"column":17},"end":{"line":7,"column":45}},"6":{"start":{"line":34,"column":0},"end":{"line":34,"column":42}},"7":{"start":{"line":64,"column":0},"end":{"line":64,"column":62}},"8":{"start":{"line":93,"column":0},"end":{"line":93,"column":95}},"9":{"start":{"line":133,"column":0},"end":{"line":133,"column":86}},"10":{"start":{"line":159,"column":0},"end":{"line":159,"column":67}},"11":{"start":{"line":163,"column":0},"end":{"line":163,"column":23}}},"fnMap":{},"branchMap":{},"s":{"0":2,"1":2,"2":2,"3":2,"4":2,"5":2,"6":2,"7":2,"8":2,"9":2,"10":2,"11":2},"f":{},"b":{},"_coverageSchema":"1a1c01bbd47fc00a2c39e90264f33305004495a9","hash":"c1ffd3d6ca401ac1a8b1f67bf1271525411f0000"}
,"D:\\Documentos\\CursosUdemy\\API-REST-Nodejs-Express-MongoDB\\Proyectos\\API-REST\\test\\helper\\helperData.js": {"path":"D:\\Documentos\\CursosUdemy\\API-REST-Nodejs-Express-MongoDB\\Proyectos\\API-REST\\test\\helper\\helperData.js","statementMap":{"0":{"start":{"line":1,"column":22},"end":{"line":4,"column":3}},"1":{"start":{"line":6,"column":27},"end":{"line":11,"column":3}},"2":{"start":{"line":13,"column":32},"end":{"line":19,"column":3}},"3":{"start":{"line":21,"column":30},"end":{"line":24,"column":3}},"4":{"start":{"line":26,"column":24},"end":{"line":40,"column":1}},"5":{"start":{"line":43,"column":2},"end":{"line":49,"column":3}}},"fnMap":{},"branchMap":{},"s":{"0":2,"1":2,"2":2,"3":2,"4":2,"5":2},"f":{},"b":{},"_coverageSchema":"1a1c01bbd47fc00a2c39e90264f33305004495a9","hash":"0ebcf54d448aaff3ad96ef881092920267b483f2"}
,"D:\\Documentos\\CursosUdemy\\API-REST-Nodejs-Express-MongoDB\\Proyectos\\API-REST\\utils\\handleError.js": {"path":"D:\\Documentos\\CursosUdemy\\API-REST-Nodejs-Express-MongoDB\\Proyectos\\API-REST\\utils\\handleError.js","statementMap":{"0":{"start":{"line":1,"column":24},"end":{"line":4,"column":1}},"1":{"start":{"line":2,"column":4},"end":{"line":2,"column":21}},"2":{"start":{"line":3,"column":4},"end":{"line":3,"column":33}},"3":{"start":{"line":6,"column":0},"end":{"line":6,"column":36}}},"fnMap":{"0":{"name":"(anonymous_0)","decl":{"start":{"line":1,"column":24},"end":{"line":1,"column":25}},"loc":{"start":{"line":1,"column":75},"end":{"line":4,"column":1}},"line":1}},"branchMap":{"0":{"loc":{"start":{"line":1,"column":30},"end":{"line":1,"column":58}},"type":"default-arg","locations":[{"start":{"line":1,"column":40},"end":{"line":1,"column":58}}],"line":1},"1":{"loc":{"start":{"line":1,"column":60},"end":{"line":1,"column":70}},"type":"default-arg","locations":[{"start":{"line":1,"column":67},"end":{"line":1,"column":70}}],"line":1}},"s":{"0":2,"1":2,"2":2,"3":2},"f":{"0":2},"b":{"0":[0],"1":[0]},"_coverageSchema":"1a1c01bbd47fc00a2c39e90264f33305004495a9","hash":"2309abc0138a6c6565497c1c96efeb2e208cf606"}
,"D:\\Documentos\\CursosUdemy\\API-REST-Nodejs-Express-MongoDB\\Proyectos\\API-REST\\utils\\handleJwt.js": {"path":"D:\\Documentos\\CursosUdemy\\API-REST-Nodejs-Express-MongoDB\\Proyectos\\API-REST\\utils\\handleJwt.js","statementMap":{"0":{"start":{"line":1,"column":12},"end":{"line":1,"column":35}},"1":{"start":{"line":2,"column":19},"end":{"line":2,"column":41}},"2":{"start":{"line":3,"column":22},"end":{"line":3,"column":64}},"3":{"start":{"line":4,"column":22},"end":{"line":4,"column":37}},"4":{"start":{"line":10,"column":18},"end":{"line":24,"column":1}},"5":{"start":{"line":11,"column":17},"end":{"line":21,"column":5}},"6":{"start":{"line":23,"column":4},"end":{"line":23,"column":15}},"7":{"start":{"line":31,"column":20},"end":{"line":37,"column":1}},"8":{"start":{"line":32,"column":4},"end":{"line":36,"column":5}},"9":{"start":{"line":33,"column":8},"end":{"line":33,"column":47}},"10":{"start":{"line":35,"column":8},"end":{"line":35,"column":20}},"11":{"start":{"line":39,"column":0},"end":{"line":39,"column":43}}},"fnMap":{"0":{"name":"(anonymous_0)","decl":{"start":{"line":10,"column":18},"end":{"line":10,"column":19}},"loc":{"start":{"line":10,"column":34},"end":{"line":24,"column":1}},"line":10},"1":{"name":"(anonymous_1)","decl":{"start":{"line":31,"column":20},"end":{"line":31,"column":21}},"loc":{"start":{"line":31,"column":40},"end":{"line":37,"column":1}},"line":31}},"branchMap":{},"s":{"0":2,"1":2,"2":2,"3":2,"4":2,"5":3,"6":3,"7":2,"8":4,"9":4,"10":0,"11":2},"f":{"0":3,"1":4},"b":{},"_coverageSchema":"1a1c01bbd47fc00a2c39e90264f33305004495a9","hash":"11d2aa3b8bc9c08927b4228393fdeb6e07812e09"}
,"D:\\Documentos\\CursosUdemy\\API-REST-Nodejs-Express-MongoDB\\Proyectos\\API-REST\\utils\\handleLogger.js": {"path":"D:\\Documentos\\CursosUdemy\\API-REST-Nodejs-Express-MongoDB\\Proyectos\\API-REST\\utils\\handleLogger.js","statementMap":{"0":{"start":{"line":1,"column":28},"end":{"line":1,"column":53}},"1":{"start":{"line":4,"column":21},"end":{"line":11,"column":1}},"2":{"start":{"line":9,"column":4},"end":{"line":9,"column":24}},"3":{"start":{"line":13,"column":0},"end":{"line":13,"column":29}}},"fnMap":{"0":{"name":"(anonymous_0)","decl":{"start":{"line":5,"column":9},"end":{"line":5,"column":10}},"loc":{"start":{"line":5,"column":22},"end":{"line":10,"column":3}},"line":5}},"branchMap":{},"s":{"0":2,"1":2,"2":8,"3":2},"f":{"0":8},"b":{},"_coverageSchema":"1a1c01bbd47fc00a2c39e90264f33305004495a9","hash":"b5c816a5c278e31d14532cfe85b5b00352947228"}
,"D:\\Documentos\\CursosUdemy\\API-REST-Nodejs-Express-MongoDB\\Proyectos\\API-REST\\utils\\handlePassword.js": {"path":"D:\\Documentos\\CursosUdemy\\API-REST-Nodejs-Express-MongoDB\\Proyectos\\API-REST\\utils\\handlePassword.js","statementMap":{"0":{"start":{"line":1,"column":17},"end":{"line":1,"column":36}},"1":{"start":{"line":7,"column":16},"end":{"line":10,"column":1}},"2":{"start":{"line":8,"column":17},"end":{"line":8,"column":55}},"3":{"start":{"line":9,"column":4},"end":{"line":9,"column":15}},"4":{"start":{"line":17,"column":16},"end":{"line":19,"column":1}},"5":{"start":{"line":18,"column":4},"end":{"line":18,"column":62}},"6":{"start":{"line":21,"column":0},"end":{"line":21,"column":38}}},"fnMap":{"0":{"name":"(anonymous_0)","decl":{"start":{"line":7,"column":16},"end":{"line":7,"column":17}},"loc":{"start":{"line":7,"column":41},"end":{"line":10,"column":1}},"line":7},"1":{"name":"(anonymous_1)","decl":{"start":{"line":17,"column":16},"end":{"line":17,"column":17}},"loc":{"start":{"line":17,"column":55},"end":{"line":19,"column":1}},"line":17}},"branchMap":{},"s":{"0":2,"1":2,"2":1,"3":1,"4":2,"5":2,"6":2},"f":{"0":1,"1":2},"b":{},"_coverageSchema":"1a1c01bbd47fc00a2c39e90264f33305004495a9","hash":"a78ce8e3c8a66001034dce5658929d8bd858c561"}
,"D:\\Documentos\\CursosUdemy\\API-REST-Nodejs-Express-MongoDB\\Proyectos\\API-REST\\utils\\handlePropertiesEngine.js": {"path":"D:\\Documentos\\CursosUdemy\\API-REST-Nodejs-Express-MongoDB\\Proyectos\\API-REST\\utils\\handlePropertiesEngine.js","statementMap":{"0":{"start":{"line":1,"column":18},"end":{"line":1,"column":39}},"1":{"start":{"line":2,"column":22},"end":{"line":12,"column":1}},"2":{"start":{"line":3,"column":17},"end":{"line":10,"column":5}},"3":{"start":{"line":11,"column":4},"end":{"line":11,"column":26}},"4":{"start":{"line":14,"column":0},"end":{"line":14,"column":30}}},"fnMap":{"0":{"name":"(anonymous_0)","decl":{"start":{"line":2,"column":22},"end":{"line":2,"column":23}},"loc":{"start":{"line":2,"column":28},"end":{"line":12,"column":1}},"line":2}},"branchMap":{},"s":{"0":2,"1":2,"2":4,"3":4,"4":2},"f":{"0":4},"b":{},"_coverageSchema":"1a1c01bbd47fc00a2c39e90264f33305004495a9","hash":"cf578323e8d2f45effa9dad98c9cd0ec662754a6"}
,"D:\\Documentos\\CursosUdemy\\API-REST-Nodejs-Express-MongoDB\\Proyectos\\API-REST\\utils\\handleStorage.js": {"path":"D:\\Documentos\\CursosUdemy\\API-REST-Nodejs-Express-MongoDB\\Proyectos\\API-REST\\utils\\handleStorage.js","statementMap":{"0":{"start":{"line":1,"column":15},"end":{"line":1,"column":32}},"1":{"start":{"line":3,"column":16},"end":{"line":16,"column":2}},"2":{"start":{"line":5,"column":28},"end":{"line":5,"column":53}},"3":{"start":{"line":6,"column":8},"end":{"line":6,"column":29}},"4":{"start":{"line":11,"column":20},"end":{"line":11,"column":54}},"5":{"start":{"line":12,"column":25},"end":{"line":12,"column":52}},"6":{"start":{"line":13,"column":8},"end":{"line":13,"column":26}},"7":{"start":{"line":18,"column":25},"end":{"line":18,"column":44}},"8":{"start":{"line":20,"column":0},"end":{"line":20,"column":34}}},"fnMap":{"0":{"name":"(anonymous_0)","decl":{"start":{"line":4,"column":17},"end":{"line":4,"column":18}},"loc":{"start":{"line":4,"column":41},"end":{"line":7,"column":5}},"line":4},"1":{"name":"(anonymous_1)","decl":{"start":{"line":8,"column":14},"end":{"line":8,"column":15}},"loc":{"start":{"line":8,"column":38},"end":{"line":15,"column":5}},"line":8}},"branchMap":{},"s":{"0":2,"1":2,"2":0,"3":0,"4":0,"5":0,"6":0,"7":2,"8":2},"f":{"0":0,"1":0},"b":{},"_coverageSchema":"1a1c01bbd47fc00a2c39e90264f33305004495a9","hash":"287473931b0f91caff4da18a52d7e48af379d238"}
,"D:\\Documentos\\CursosUdemy\\API-REST-Nodejs-Express-MongoDB\\Proyectos\\API-REST\\utils\\handleValidator.js": {"path":"D:\\Documentos\\CursosUdemy\\API-REST-Nodejs-Express-MongoDB\\Proyectos\\API-REST\\utils\\handleValidator.js","statementMap":{"0":{"start":{"line":1,"column":29},"end":{"line":1,"column":57}},"1":{"start":{"line":3,"column":24},"end":{"line":11,"column":1}},"2":{"start":{"line":4,"column":2},"end":{"line":10,"column":3}},"3":{"start":{"line":5,"column":4},"end":{"line":5,"column":34}},"4":{"start":{"line":6,"column":4},"end":{"line":6,"column":18}},"5":{"start":{"line":8,"column":4},"end":{"line":8,"column":20}},"6":{"start":{"line":9,"column":4},"end":{"line":9,"column":38}},"7":{"start":{"line":13,"column":0},"end":{"line":13,"column":32}}},"fnMap":{"0":{"name":"(anonymous_0)","decl":{"start":{"line":3,"column":24},"end":{"line":3,"column":25}},"loc":{"start":{"line":3,"column":44},"end":{"line":11,"column":1}},"line":3}},"branchMap":{},"s":{"0":2,"1":2,"2":7,"3":7,"4":7,"5":0,"6":0,"7":2},"f":{"0":7},"b":{},"_coverageSchema":"1a1c01bbd47fc00a2c39e90264f33305004495a9","hash":"b8aae4c4620301f9fa848eb4cc5e90dc1b183426"}
,"D:\\Documentos\\CursosUdemy\\API-REST-Nodejs-Express-MongoDB\\Proyectos\\API-REST\\validators\\auth.js": {"path":"D:\\Documentos\\CursosUdemy\\API-REST-Nodejs-Express-MongoDB\\Proyectos\\API-REST\\validators\\auth.js","statementMap":{"0":{"start":{"line":1,"column":18},"end":{"line":1,"column":46}},"1":{"start":{"line":2,"column":24},"end":{"line":2,"column":59}},"2":{"start":{"line":4,"column":26},"end":{"line":24,"column":1}},"3":{"start":{"line":22,"column":8},"end":{"line":22,"column":46}},"4":{"start":{"line":26,"column":23},"end":{"line":38,"column":1}},"5":{"start":{"line":36,"column":8},"end":{"line":36,"column":46}},"6":{"start":{"line":40,"column":0},"end":{"line":40,"column":54}}},"fnMap":{"0":{"name":"(anonymous_0)","decl":{"start":{"line":21,"column":4},"end":{"line":21,"column":5}},"loc":{"start":{"line":21,"column":24},"end":{"line":23,"column":5}},"line":21},"1":{"name":"(anonymous_1)","decl":{"start":{"line":35,"column":4},"end":{"line":35,"column":5}},"loc":{"start":{"line":35,"column":24},"end":{"line":37,"column":5}},"line":35}},"branchMap":{},"s":{"0":2,"1":2,"2":2,"3":1,"4":2,"5":3,"6":2},"f":{"0":1,"1":3},"b":{},"_coverageSchema":"1a1c01bbd47fc00a2c39e90264f33305004495a9","hash":"3055fba0f516fde52354a47656553c278d72a5e2"}
,"D:\\Documentos\\CursosUdemy\\API-REST-Nodejs-Express-MongoDB\\Proyectos\\API-REST\\validators\\storage.js": {"path":"D:\\Documentos\\CursosUdemy\\API-REST-Nodejs-Express-MongoDB\\Proyectos\\API-REST\\validators\\storage.js","statementMap":{"0":{"start":{"line":1,"column":18},"end":{"line":1,"column":46}},"1":{"start":{"line":2,"column":24},"end":{"line":2,"column":59}},"2":{"start":{"line":4,"column":25},"end":{"line":11,"column":1}},"3":{"start":{"line":9,"column":8},"end":{"line":9,"column":46}},"4":{"start":{"line":13,"column":0},"end":{"line":13,"column":37}}},"fnMap":{"0":{"name":"(anonymous_0)","decl":{"start":{"line":8,"column":4},"end":{"line":8,"column":5}},"loc":{"start":{"line":8,"column":24},"end":{"line":10,"column":5}},"line":8}},"branchMap":{},"s":{"0":2,"1":2,"2":2,"3":0,"4":2},"f":{"0":0},"b":{},"_coverageSchema":"1a1c01bbd47fc00a2c39e90264f33305004495a9","hash":"bda98e15e8b0b7a5ba4dde8c55c17a1f838a2cc7"}
,"D:\\Documentos\\CursosUdemy\\API-REST-Nodejs-Express-MongoDB\\Proyectos\\API-REST\\validators\\tracks.js": {"path":"D:\\Documentos\\CursosUdemy\\API-REST-Nodejs-Express-MongoDB\\Proyectos\\API-REST\\validators\\tracks.js","statementMap":{"0":{"start":{"line":1,"column":18},"end":{"line":1,"column":46}},"1":{"start":{"line":2,"column":24},"end":{"line":2,"column":59}},"2":{"start":{"line":25,"column":28},"end":{"line":62,"column":1}},"3":{"start":{"line":60,"column":8},"end":{"line":60,"column":46}},"4":{"start":{"line":65,"column":25},"end":{"line":72,"column":1}},"5":{"start":{"line":70,"column":8},"end":{"line":70,"column":46}},"6":{"start":{"line":74,"column":0},"end":{"line":74,"column":58}}},"fnMap":{"0":{"name":"(anonymous_0)","decl":{"start":{"line":59,"column":4},"end":{"line":59,"column":5}},"loc":{"start":{"line":59,"column":24},"end":{"line":61,"column":5}},"line":59},"1":{"name":"(anonymous_1)","decl":{"start":{"line":69,"column":4},"end":{"line":69,"column":5}},"loc":{"start":{"line":69,"column":24},"end":{"line":71,"column":5}},"line":69}},"branchMap":{},"s":{"0":2,"1":2,"2":2,"3":1,"4":2,"5":2,"6":2},"f":{"0":1,"1":2},"b":{},"_coverageSchema":"1a1c01bbd47fc00a2c39e90264f33305004495a9","hash":"f037afc88c2ca28755f6afc9239c680fe3efe4ed"}
}
